<?xml version="1.0" encoding="UTF-8"?>
<!-- Generated by org.testng.reporters.JUnitXMLReporter -->
<testsuite ignored="0" hostname="DESKTOP-ABK0VTC" failures="0" tests="3" name="Test_AnnotationsBasic" time="21.04" errors="0" timestamp="2022-05-09T08:09:47 IST">
  <testcase classname="testng.AnnotationsTC01" name="login" time="4.56"/>
  <testcase classname="testng.AnnotationsTC03" name="login" time="1.863"/>
  <testcase classname="testng.AnnotationsTC02" name="login" time="2.698"/>
</testsuite> <!-- Test_AnnotationsBasic -->
