<?xml version="1.0" encoding="UTF-8"?>
<!-- Generated by org.testng.reporters.JUnitXMLReporter -->
<testsuite ignored="2" hostname="DESKTOP-ABK0VTC" failures="0" tests="2" name="Default test" time="0.223" errors="0" timestamp="2022-05-07T09:05:00 IST">
  <testcase classname="testng.SkipTestCase" name="video" time="0.055"/>
  <testcase classname="testng.SkipTestCase" name="chats" time="0.004"/>
  <testcase classname="testng.SkipTestCase" name="calls" time="0.0">
    <ignored/>
  </testcase> <!-- calls -->
  <testcase classname="testng.SkipTestCase" name="settings" time="0.0">
    <ignored/>
  </testcase> <!-- settings -->
</testsuite> <!-- Default test -->
