<?xml version="1.0" encoding="UTF-8"?>
<testng-results ignored="0" total="2" passed="2" failed="0" skipped="0">
  <reporter-output>
    <line>
      <![CDATA[Facebook – log in or sign up]]>
    </line>
    <line>
      <![CDATA[https://www.facebook.com/login/?privacy_mutation_token=eyJ0eXBlIjowLCJjcmVhdGlvbl90aW1lIjoxNjUyMTQ4Nzg2LCJjYWxsc2l0ZV9pZCI6MzgxMjI5MDc5NTc1OTQ2fQ%3D%3D]]>
    </line>
    <line>
      <![CDATA[Facebook – log in or sign up]]>
    </line>
    <line>
      <![CDATA[https://www.facebook.com/]]>
    </line>
  </reporter-output>
  <suite started-at="2022-05-10T07:42:57 IST" name="Suite" finished-at="2022-05-10T07:43:16 IST" duration-ms="19011">
    <groups>
    </groups>
    <test started-at="2022-05-10T07:42:57 IST" name="Test1" finished-at="2022-05-10T07:43:09 IST" duration-ms="12241">
      <class name="testng.ParallelExecution">
        <test-method signature="demo(java.lang.String)[pri:0, instance:testng.ParallelExecution@3cc2931c]" started-at="2022-05-10T07:42:57 IST" name="demo" finished-at="2022-05-10T07:43:09 IST" duration-ms="12148" status="PASS">
          <params>
            <param index="0">
              <value>
                <![CDATA[chrome]]>
              </value>
            </param>
          </params>
          <reporter-output>
            <line>
              <![CDATA[Facebook – log in or sign up]]>
            </line>
            <line>
              <![CDATA[https://www.facebook.com/login/?privacy_mutation_token=eyJ0eXBlIjowLCJjcmVhdGlvbl90aW1lIjoxNjUyMTQ4Nzg2LCJjYWxsc2l0ZV9pZCI6MzgxMjI5MDc5NTc1OTQ2fQ%3D%3D]]>
            </line>
          </reporter-output>
        </test-method> <!-- demo -->
      </class> <!-- testng.ParallelExecution -->
    </test> <!-- Test1 -->
    <test started-at="2022-05-10T07:42:57 IST" name="Test2" finished-at="2022-05-10T07:43:16 IST" duration-ms="19011">
      <class name="testng.ParallelExecution">
        <test-method signature="demo(java.lang.String)[pri:0, instance:testng.ParallelExecution@7a69b07]" started-at="2022-05-10T07:42:57 IST" name="demo" finished-at="2022-05-10T07:43:16 IST" duration-ms="18939" status="PASS">
          <params>
            <param index="0">
              <value>
                <![CDATA[firefox]]>
              </value>
            </param>
          </params>
          <reporter-output>
            <line>
              <![CDATA[Facebook – log in or sign up]]>
            </line>
            <line>
              <![CDATA[https://www.facebook.com/]]>
            </line>
          </reporter-output>
        </test-method> <!-- demo -->
      </class> <!-- testng.ParallelExecution -->
    </test> <!-- Test2 -->
  </suite> <!-- Suite -->
</testng-results>
